<?xml version="1.0" encoding="UTF-8"?>
<!-- Generated by org.testng.reporters.JUnitReportReporter -->
<testsuite hostname="LAPTOP-2RDHM286" failures="0" tests="1" name="testCases.TC001_AccountRegisterTest" time="8.955" errors="0" timestamp="2025-05-08T16:22:02 IST" skipped="0">
  <testcase classname="testCases.TC001_AccountRegisterTest" name="verify_account_registeration" time="8.955"/>
  <system-out/>
</testsuite> <!-- testCases.TC001_AccountRegisterTest -->
