<?xml version="1.0" encoding="UTF-8"?>
<!-- Generated by org.testng.reporters.JUnitReportReporter -->
<testsuite hostname="LAPTOP-2RDHM286" failures="0" tests="1" name="testCases.TC002_LoginforCustomer" time="3.540" errors="0" timestamp="2025-04-16T17:36:12 IST" skipped="0">
  <testcase classname="testCases.TC002_LoginforCustomer" name="Login" time="3.540"/>
  <system-out/>
</testsuite> <!-- testCases.TC002_LoginforCustomer -->
